DEPRECATION WARNING [import]: Sass @import rules are deprecated and will be removed in Dart Sass 3.0.0.

More info and automated migrator: https://sass-lang.com/d/import

  ╷
1 │ @import 'jekyll-theme-cayman';
  │         ^^^^^^^^^^^^^^^^^^^^^
  ╵
    C:\GitHub\Circuit-Nodes\docs\assets\css\style.scss 1:9  root stylesheet
DEPRECATION WARNING [import]: Sass @import rules are deprecated and will be removed in Dart Sass 3.0.0.

More info and automated migrator: https://sass-lang.com/d/import

  ╷
1 │ @import "normalize";
  │         ^^^^^^^^^^^
  ╵
    jekyll-theme-cayman.scss 1:9                            @import
    C:\GitHub\Circuit-Nodes\docs\assets\css\style.scss 1:9  root stylesheet
DEPRECATION WARNING [import]: Sass @import rules are deprecated and will be removed in Dart Sass 3.0.0.

More info and automated migrator: https://sass-lang.com/d/import

  ╷
2 │ @import "rouge-github";
  │         ^^^^^^^^^^^^^^
  ╵
    jekyll-theme-cayman.scss 2:9                            @import
    C:\GitHub\Circuit-Nodes\docs\assets\css\style.scss 1:9  root stylesheet
DEPRECATION WARNING [import]: Sass @import rules are deprecated and will be removed in Dart Sass 3.0.0.

More info and automated migrator: https://sass-lang.com/d/import

  ╷
3 │ @import "variables";
  │         ^^^^^^^^^^^
  ╵
    jekyll-theme-cayman.scss 3:9                            @import
    C:\GitHub\Circuit-Nodes\docs\assets\css\style.scss 1:9  root stylesheet
DEPRECATION WARNING [global-builtin]: Global built-in functions are deprecated and will be removed in Dart Sass 3.0.0.
Use color.invert instead.

More info and automated migrator: https://sass-lang.com/d/import

   ╷
50 │     background: invert($body-link-color);
   │                 ^^^^^^^^^^^^^^^^^^^^^^^^
   ╵
    jekyll-theme-cayman.scss 50:17                          @import
    C:\GitHub\Circuit-Nodes\docs\assets\css\style.scss 1:9  root stylesheet
DEPRECATION WARNING [global-builtin]: Global built-in functions are deprecated and will be removed in Dart Sass 3.0.0.
Use color.invert instead.

More info and automated migrator: https://sass-lang.com/d/import

   ╷
51 │     outline: thick solid invert($body-link-color);
   │                          ^^^^^^^^^^^^^^^^^^^^^^^^
   ╵
    jekyll-theme-cayman.scss 51:26                          @import
    C:\GitHub\Circuit-Nodes\docs\assets\css\style.scss 1:9  root stylesheet
  Please add the following to your Gemfile to avoid polling for changes:
    gem 'wdm', '>= 0.1.0'
^C